#! /usr/bin/vvp
:ivl_version "11.0 (stable)";
:ivl_delay_selection "TYPICAL";
:vpi_time_precision + 0;
:vpi_module "/usr/lib/x86_64-linux-gnu/ivl/system.vpi";
:vpi_module "/usr/lib/x86_64-linux-gnu/ivl/vhdl_sys.vpi";
:vpi_module "/usr/lib/x86_64-linux-gnu/ivl/vhdl_textio.vpi";
:vpi_module "/usr/lib/x86_64-linux-gnu/ivl/v2005_math.vpi";
:vpi_module "/usr/lib/x86_64-linux-gnu/ivl/va_math.vpi";
S_0x563f7d8b4190 .scope module, "count_3_tb" "count_3_tb" 2 1;
 .timescale 0 0;
v0x563f7d908120_0 .var "clk", 0 0;
v0x563f7d9081c0_0 .net "q", 2 0, L_0x563f7d9082f0;  1 drivers
S_0x563f7d8b4320 .scope module, "yu" "count_3" 2 5, 3 1 0, S_0x563f7d8b4190;
 .timescale 0 0;
    .port_info 0 /INPUT 1 "clk";
    .port_info 1 /OUTPUT 3 "q";
L_0x563f7d908280 .functor BUFZ 1, v0x563f7d906ba0_0, C4<0>, C4<0>, C4<0>;
L_0x563f7d908410 .functor BUFZ 1, v0x563f7d8df270_0, C4<0>, C4<0>, C4<0>;
v0x563f7d907bc0_0 .net *"_ivl_10", 0 0, L_0x563f7d908410;  1 drivers
v0x563f7d907ca0_0 .net *"_ivl_5", 0 0, L_0x563f7d908280;  1 drivers
v0x563f7d907d80_0 .net "clk", 0 0, v0x563f7d908120_0;  1 drivers
v0x563f7d907e70_0 .net "q", 2 0, L_0x563f7d9082f0;  alias, 1 drivers
v0x563f7d907f30_0 .net "w1", 0 0, v0x563f7d906ba0_0;  1 drivers
v0x563f7d908020_0 .net "w2", 0 0, v0x563f7d8df270_0;  1 drivers
L_0x563f7d9082f0 .concat8 [ 1 1 1 0], L_0x563f7d908280, L_0x563f7d908410, v0x563f7d907720_0;
S_0x563f7d8ee010 .scope module, "io" "count_1" 3 6, 4 1 0, S_0x563f7d8b4320;
 .timescale 0 0;
    .port_info 0 /INPUT 1 "clk";
    .port_info 1 /OUTPUT 1 "q";
v0x563f7d9062c0_0 .net "clk", 0 0, v0x563f7d906ba0_0;  alias, 1 drivers
v0x563f7d906380_0 .net "q", 0 0, v0x563f7d8df270_0;  alias, 1 drivers
v0x563f7d906450_0 .net "w1", 0 0, v0x563f7d906160_0;  1 drivers
S_0x563f7d8ee1f0 .scope module, "kl" "d_ff" 4 6, 5 1 0, S_0x563f7d8ee010;
 .timescale 0 0;
    .port_info 0 /INPUT 1 "d";
    .port_info 1 /INPUT 1 "clk";
    .port_info 2 /OUTPUT 1 "q";
    .port_info 3 /OUTPUT 1 "qbar";
v0x563f7d8df000_0 .net "clk", 0 0, v0x563f7d906ba0_0;  alias, 1 drivers
v0x563f7d8df710_0 .net "d", 0 0, v0x563f7d906160_0;  alias, 1 drivers
v0x563f7d8df270_0 .var "q", 0 0;
v0x563f7d906160_0 .var "qbar", 0 0;
E_0x563f7d8d7e70 .event posedge, v0x563f7d8df000_0;
S_0x563f7d906570 .scope module, "iu" "count_1" 3 5, 4 1 0, S_0x563f7d8b4320;
 .timescale 0 0;
    .port_info 0 /INPUT 1 "clk";
    .port_info 1 /OUTPUT 1 "q";
v0x563f7d906dd0_0 .net "clk", 0 0, v0x563f7d908120_0;  alias, 1 drivers
v0x563f7d906e90_0 .net "q", 0 0, v0x563f7d906ba0_0;  alias, 1 drivers
v0x563f7d906f30_0 .net "w1", 0 0, v0x563f7d906cc0_0;  1 drivers
S_0x563f7d906750 .scope module, "kl" "d_ff" 4 6, 5 1 0, S_0x563f7d906570;
 .timescale 0 0;
    .port_info 0 /INPUT 1 "d";
    .port_info 1 /INPUT 1 "clk";
    .port_info 2 /OUTPUT 1 "q";
    .port_info 3 /OUTPUT 1 "qbar";
v0x563f7d906a00_0 .net "clk", 0 0, v0x563f7d908120_0;  alias, 1 drivers
v0x563f7d906ae0_0 .net "d", 0 0, v0x563f7d906cc0_0;  alias, 1 drivers
v0x563f7d906ba0_0 .var "q", 0 0;
v0x563f7d906cc0_0 .var "qbar", 0 0;
E_0x563f7d8e0320 .event posedge, v0x563f7d906a00_0;
S_0x563f7d907070 .scope module, "op" "count_1" 3 7, 4 1 0, S_0x563f7d8b4320;
 .timescale 0 0;
    .port_info 0 /INPUT 1 "clk";
    .port_info 1 /OUTPUT 1 "q";
v0x563f7d907920_0 .net "clk", 0 0, v0x563f7d8df270_0;  alias, 1 drivers
v0x563f7d9079e0_0 .net "q", 0 0, v0x563f7d907720_0;  1 drivers
v0x563f7d907aa0_0 .net "w1", 0 0, v0x563f7d9077c0_0;  1 drivers
S_0x563f7d907250 .scope module, "kl" "d_ff" 4 6, 5 1 0, S_0x563f7d907070;
 .timescale 0 0;
    .port_info 0 /INPUT 1 "d";
    .port_info 1 /INPUT 1 "clk";
    .port_info 2 /OUTPUT 1 "q";
    .port_info 3 /OUTPUT 1 "qbar";
v0x563f7d907550_0 .net "clk", 0 0, v0x563f7d8df270_0;  alias, 1 drivers
v0x563f7d907660_0 .net "d", 0 0, v0x563f7d9077c0_0;  alias, 1 drivers
v0x563f7d907720_0 .var "q", 0 0;
v0x563f7d9077c0_0 .var "qbar", 0 0;
E_0x563f7d9074d0 .event posedge, v0x563f7d8df270_0;
    .scope S_0x563f7d906750;
T_0 ;
    %pushi/vec4 0, 0, 1;
    %store/vec4 v0x563f7d906ba0_0, 0, 1;
    %pushi/vec4 1, 0, 1;
    %store/vec4 v0x563f7d906cc0_0, 0, 1;
    %end;
    .thread T_0;
    .scope S_0x563f7d906750;
T_1 ;
    %wait E_0x563f7d8e0320;
    %load/vec4 v0x563f7d906ae0_0;
    %store/vec4 v0x563f7d906ba0_0, 0, 1;
    %load/vec4 v0x563f7d906ba0_0;
    %inv;
    %store/vec4 v0x563f7d906cc0_0, 0, 1;
    %jmp T_1;
    .thread T_1;
    .scope S_0x563f7d8ee1f0;
T_2 ;
    %pushi/vec4 0, 0, 1;
    %store/vec4 v0x563f7d8df270_0, 0, 1;
    %pushi/vec4 1, 0, 1;
    %store/vec4 v0x563f7d906160_0, 0, 1;
    %end;
    .thread T_2;
    .scope S_0x563f7d8ee1f0;
T_3 ;
    %wait E_0x563f7d8d7e70;
    %load/vec4 v0x563f7d8df710_0;
    %store/vec4 v0x563f7d8df270_0, 0, 1;
    %load/vec4 v0x563f7d8df270_0;
    %inv;
    %store/vec4 v0x563f7d906160_0, 0, 1;
    %jmp T_3;
    .thread T_3;
    .scope S_0x563f7d907250;
T_4 ;
    %pushi/vec4 0, 0, 1;
    %store/vec4 v0x563f7d907720_0, 0, 1;
    %pushi/vec4 1, 0, 1;
    %store/vec4 v0x563f7d9077c0_0, 0, 1;
    %end;
    .thread T_4;
    .scope S_0x563f7d907250;
T_5 ;
    %wait E_0x563f7d9074d0;
    %load/vec4 v0x563f7d907660_0;
    %store/vec4 v0x563f7d907720_0, 0, 1;
    %load/vec4 v0x563f7d907720_0;
    %inv;
    %store/vec4 v0x563f7d9077c0_0, 0, 1;
    %jmp T_5;
    .thread T_5;
    .scope S_0x563f7d8b4190;
T_6 ;
    %pushi/vec4 0, 0, 1;
    %store/vec4 v0x563f7d908120_0, 0, 1;
    %delay 70, 0;
    %vpi_call 2 9 "$finish" {0 0 0};
    %vpi_call 2 10 "$dumpfile", "count_3_tb.vcd" {0 0 0};
    %vpi_call 2 11 "$dumpvars" {0 0 0};
    %end;
    .thread T_6;
    .scope S_0x563f7d8b4190;
T_7 ;
    %delay 5, 0;
    %load/vec4 v0x563f7d908120_0;
    %inv;
    %store/vec4 v0x563f7d908120_0, 0, 1;
    %jmp T_7;
    .thread T_7;
# The file index is used to find the file name in the following table.
:file_names 6;
    "N/A";
    "<interactive>";
    "count_3_tb.sv";
    "count_3.sv";
    "count_1.sv";
    "d_ff.sv";
